<?xml version="1.0" encoding="UTF-8"?>
<testng-results ignored="0" total="1" passed="1" failed="0" skipped="0">
  <reporter-output>
  </reporter-output>
  <suite started-at="2021-06-24T11:58:46Z" name="Default suite" finished-at="2021-06-24T11:58:57Z" duration-ms="11440">
    <groups>
      <group name="cucumber">
        <method signature="AbstractTestNGCucumberTests.runScenario(io.cucumber.testng.PickleWrapper, io.cucumber.testng.FeatureWrapper)[pri:0, instance:runners.CRMRunner@10d68fcd]" name="runScenario" class="io.cucumber.testng.AbstractTestNGCucumberTests"/>
      </group> <!-- cucumber -->
    </groups>
    <test started-at="2021-06-24T11:58:46Z" name="Default test" finished-at="2021-06-24T11:58:57Z" duration-ms="11440">
      <class name="runners.CRMRunner">
        <test-method is-config="true" signature="setUpClass()[pri:0, instance:runners.CRMRunner@10d68fcd]" started-at="2021-06-24T11:58:46Z" name="setUpClass" finished-at="2021-06-24T11:58:46Z" duration-ms="389" status="PASS">
          <reporter-output>
          </reporter-output>
        </test-method> <!-- setUpClass -->
        <test-method signature="runScenario(io.cucumber.testng.PickleWrapper, io.cucumber.testng.FeatureWrapper)[pri:0, instance:runners.CRMRunner@10d68fcd]" started-at="2021-06-24T11:58:46Z" name="runScenario" description="Runs Cucumber Scenarios" data-provider="scenarios" finished-at="2021-06-24T11:58:57Z" duration-ms="11000" status="PASS">
          <params>
            <param index="0">
              <value>
                <![CDATA["Valid Login Scenario"]]>
              </value>
            </param>
            <param index="1">
              <value>
                <![CDATA["Optional[CRM Login feature]"]]>
              </value>
            </param>
          </params>
          <reporter-output>
          </reporter-output>
        </test-method> <!-- runScenario -->
        <test-method is-config="true" signature="tearDownClass()[pri:0, instance:runners.CRMRunner@10d68fcd]" started-at="2021-06-24T11:58:57Z" name="tearDownClass" finished-at="2021-06-24T11:58:57Z" duration-ms="17" status="PASS">
          <reporter-output>
          </reporter-output>
        </test-method> <!-- tearDownClass -->
      </class> <!-- runners.CRMRunner -->
    </test> <!-- Default test -->
  </suite> <!-- Default suite -->
</testng-results>
